2026-02-13T11:30:09.587Z	Initializing build environment...
2026-02-13T11:30:10.997Z	Success: Finished initializing build environment
2026-02-13T11:30:11.656Z	Cloning repository...
2026-02-13T11:30:13.016Z	Detected the following tools from environment: npm@10.9.2, nodejs@22.16.0
2026-02-13T11:30:13.017Z	Restoring from dependencies cache
2026-02-13T11:30:13.019Z	Restoring from build output cache
2026-02-13T11:30:13.117Z	Installing project dependencies: npm clean-install --progress=false
2026-02-13T11:30:16.565Z	npm warn deprecated path-match@1.2.4: This package is archived and no longer maintained. For support, visit https://github.com/expressjs/express/discussions
2026-02-13T11:30:17.355Z	npm warn deprecated tar@6.2.1: Old versions of tar are not supported, and contain widely publicized security vulnerabilities, which have been fixed in the current version. Please update. Support for old versions may be purchased (at exorbitant rates) by contacting i@izs.me
2026-02-13T11:30:20.714Z	npm warn deprecated glob@10.5.0: Old versions of glob are not supported, and contain widely publicized security vulnerabilities, which have been fixed in the current version. Please update. Support for old versions may be purchased (at exorbitant rates) by contacting i@izs.me
2026-02-13T11:30:21.046Z	npm warn deprecated @cloudflare/next-on-pages@1.13.16: Please use the OpenNext adapter instead: https://opennext.js.org/cloudflare
2026-02-13T11:30:32.768Z	npm warn deprecated next@15.1.7: This version has a security vulnerability. Please upgrade to a patched version. See https://nextjs.org/blog/CVE-2025-66478 for more details.
2026-02-13T11:30:33.466Z	
2026-02-13T11:30:33.466Z	added 687 packages, and audited 688 packages in 20s
2026-02-13T11:30:33.467Z	
2026-02-13T11:30:33.467Z	183 packages are looking for funding
2026-02-13T11:30:33.467Z	  run `npm fund` for details
2026-02-13T11:30:33.569Z	
2026-02-13T11:30:33.569Z	17 vulnerabilities (1 low, 8 moderate, 7 high, 1 critical)
2026-02-13T11:30:33.569Z	
2026-02-13T11:30:33.572Z	To address issues that do not require attention, run:
2026-02-13T11:30:33.572Z	  npm audit fix
2026-02-13T11:30:33.572Z	
2026-02-13T11:30:33.572Z	Some issues need review, and may require choosing
2026-02-13T11:30:33.572Z	a different dependency.
2026-02-13T11:30:33.572Z	
2026-02-13T11:30:33.572Z	Run `npm audit` for details.
2026-02-13T11:30:33.846Z	Executing user build command: npm run build
2026-02-13T11:30:34.066Z	
2026-02-13T11:30:34.066Z	> asciidraw@1.0.0 build
2026-02-13T11:30:34.066Z	> next build
2026-02-13T11:30:34.066Z	
2026-02-13T11:30:34.557Z	âš  No build cache found. Please configure build caching for faster rebuilds. Read more: https://nextjs.org/docs/messages/no-cache
2026-02-13T11:30:34.560Z	Attention: Next.js now collects completely anonymous telemetry regarding usage.
2026-02-13T11:30:34.560Z	This information is used to shape Next.js' roadmap and prioritize features.
2026-02-13T11:30:34.560Z	You can learn more, including how to opt-out if you'd not like to participate in this anonymous program, by visiting the following URL:
2026-02-13T11:30:34.560Z	https://nextjs.org/telemetry
2026-02-13T11:30:34.561Z	
2026-02-13T11:30:34.608Z	   â–² Next.js 15.1.7
2026-02-13T11:30:34.608Z	
2026-02-13T11:30:34.653Z	   Creating an optimized production build ...
2026-02-13T11:30:48.270Z	 âœ“ Compiled successfully
2026-02-13T11:30:48.273Z	   Linting and checking validity of types ...
2026-02-13T11:30:51.191Z	   Collecting page data ...
2026-02-13T11:30:51.640Z	 âš  Using edge runtime on a page currently disables static generation for that page
2026-02-13T11:30:53.538Z	   Generating static pages (0/4) ...
2026-02-13T11:30:54.151Z	   Generating static pages (1/4) 
2026-02-13T11:30:54.151Z	   Generating static pages (2/4) 
2026-02-13T11:30:54.151Z	   Generating static pages (3/4) 
2026-02-13T11:30:54.151Z	 âœ“ Generating static pages (4/4)
2026-02-13T11:30:54.588Z	   Finalizing page optimization ...
2026-02-13T11:30:54.589Z	   Collecting build traces ...
2026-02-13T11:31:00.701Z	
2026-02-13T11:31:00.704Z	Route (app)                              Size     First Load JS
2026-02-13T11:31:00.704Z	â”Œ â—‹ /                                    45.6 kB         151 kB
2026-02-13T11:31:00.704Z	â”œ â—‹ /_not-found                          979 B           106 kB
2026-02-13T11:31:00.704Z	â”” Æ’ /api/convert                         137 B           105 kB
2026-02-13T11:31:00.705Z	+ First Load JS shared by all            105 kB
2026-02-13T11:31:00.705Z	  â”œ chunks/4bd1b696-fdb290ca7f2c0bee.js  52.9 kB
2026-02-13T11:31:00.705Z	  â”œ chunks/517-c35c0c65d15ae044.js       50.3 kB
2026-02-13T11:31:00.705Z	  â”” other shared chunks (total)          1.82 kB
2026-02-13T11:31:00.706Z	
2026-02-13T11:31:00.706Z	
2026-02-13T11:31:00.706Z	â—‹  (Static)   prerendered as static content
2026-02-13T11:31:00.706Z	Æ’  (Dynamic)  server-rendered on demand
2026-02-13T11:31:00.708Z	
2026-02-13T11:31:00.751Z	Success: Build command completed
2026-02-13T11:31:00.962Z	Executing user deploy command: npx wrangler deploy
2026-02-13T11:31:02.278Z	
2026-02-13T11:31:02.278Z	 â›…ï¸ wrangler 4.65.0
2026-02-13T11:31:02.279Z	â”€â”€â”€â”€â”€â”€â”€â”€â”€â”€â”€â”€â”€â”€â”€â”€â”€â”€â”€
2026-02-13T11:31:02.303Z	
2026-02-13T11:31:02.303Z	Cloudflare collects anonymous telemetry about your usage of Wrangler. Learn more at https://github.com/cloudflare/workers-sdk/tree/main/packages/wrangler/telemetry.md
2026-02-13T11:31:02.305Z	
2026-02-13T11:31:02.360Z	âœ˜ [ERROR] It looks like you've run a Workers-specific command in a Pages project.
2026-02-13T11:31:02.361Z	
2026-02-13T11:31:02.361Z	  For Pages, please run `wrangler pages deploy` instead.
2026-02-13T11:31:02.361Z	
2026-02-13T11:31:02.361Z	
2026-02-13T11:31:02.419Z	ğŸªµ  Logs were written to "/opt/buildhome/.config/.wrangler/logs/wrangler-2026-02-13_11-31-01_849.log"
2026-02-13T11:31:02.672Z	Failed: error occurred while running deploy command